Copyright 1986-2018 Xilinx, Inc. All Rights Reserved.
--------------------------------------------------------------------------------------------------------------------------------------------------------------------------------
| Tool Version : Vivado v.2018.2.1 (win64) Build 2288692 Thu Jul 26 18:24:02 MDT 2018
| Date         : Fri May 26 15:28:56 2023
| Host         : VILASHN running 64-bit major release  (build 9200)
| Command      : report_methodology -file MicroProcessor_methodology_drc_routed.rpt -pb MicroProcessor_methodology_drc_routed.pb -rpx MicroProcessor_methodology_drc_routed.rpx
| Design       : MicroProcessor
| Device       : xc7a35tcpg236-1
| Speed File   : -1
| Design State : Routed
--------------------------------------------------------------------------------------------------------------------------------------------------------------------------------

Report Methodology

Table of Contents
-----------------
1. REPORT SUMMARY
2. REPORT DETAILS

1. REPORT SUMMARY
-----------------
            Netlist: netlist
          Floorplan: design_1
      Design limits: <entire design considered>
             Max violations: <unlimited>
             Violations found: 0
+------+----------+-------------+------------+
| Rule | Severity | Description | Violations |
+------+----------+-------------+------------+
+------+----------+-------------+------------+

2. REPORT DETAILS
-----------------

